<?xml version="1.0" encoding="UTF-8"?>
<!-- Generated by org.testng.reporters.JUnitReportReporter -->
<testsuite name="com.quickfuseapps.autoui.testcases.CreateAppTest" tests="1" time="28.634" ignored="0" failures="0" timestamp="03 Nov 2018 11:58:16 GMT" skipped="0" hostname="Dharmendras-MacBook-Pro.local" errors="0">
  <testcase name="createAppTest" time="28.634" classname="com.quickfuseapps.autoui.testcases.CreateAppTest"/>
</testsuite> <!-- com.quickfuseapps.autoui.testcases.CreateAppTest -->
